2021-03-30T09:22:58+00:00 CRITICAL Uncaught ArgumentCountError: Too few arguments to function remove_action(), 1 passed in C:\OpenServer\domains\Lagmoss\wp-content\themes\lagmoss\woocommerce\includes\wc_functions_remove.php on line 12 and at least 2 expected in C:\OpenServer\domains\Lagmoss\wp-includes\plugin.php:590
Stack trace:
#0 C:\OpenServer\domains\Lagmoss\wp-content\themes\lagmoss\woocommerce\includes\wc_functions_remove.php(12): remove_action('woocommerce_bef...')
#1 C:\OpenServer\domains\Lagmoss\wp-content\themes\lagmoss\functions.php(87): require('C:\\OpenServer\\d...')
#2 C:\OpenServer\domains\Lagmoss\wp-settings.php(528): include('C:\\OpenServer\\d...')
#3 C:\OpenServer\domains\Lagmoss\wp-config.php(89): require_once('C:\\OpenServer\\d...')
#4 C:\OpenServer\domains\Lagmoss\wp-load.php(37): require_once('C:\\OpenServer\\d...')
#5 C:\OpenServer\domains\Lagmoss\wp-blog-header.php(13): require_once('C:\\OpenServer\\d...')
#6 C:\OpenServer\domains\Lagmoss\index.php(17): require('C:\\OpenServer\\d...')
#7 {main}
  thrown в C:\OpenServer\domains\Lagmoss\wp-includes\plugin.php на строке 590

2021-03-30T09:22:59+00:00 CRITICAL Uncaught ArgumentCountError: Too few arguments to function remove_action(), 1 passed in C:\OpenServer\domains\Lagmoss\wp-content\themes\lagmoss\woocommerce\includes\wc_functions_remove.php on line 12 and at least 2 expected in C:\OpenServer\domains\Lagmoss\wp-includes\plugin.php:590
Stack trace:
#0 C:\OpenServer\domains\Lagmoss\wp-content\themes\lagmoss\woocommerce\includes\wc_functions_remove.php(12): remove_action('woocommerce_bef...')
#1 C:\OpenServer\domains\Lagmoss\wp-content\themes\lagmoss\functions.php(87): require('C:\\OpenServer\\d...')
#2 C:\OpenServer\domains\Lagmoss\wp-settings.php(528): include('C:\\OpenServer\\d...')
#3 C:\OpenServer\domains\Lagmoss\wp-config.php(89): require_once('C:\\OpenServer\\d...')
#4 C:\OpenServer\domains\Lagmoss\wp-load.php(37): require_once('C:\\OpenServer\\d...')
#5 C:\OpenServer\domains\Lagmoss\wp-blog-header.php(13): require_once('C:\\OpenServer\\d...')
#6 C:\OpenServer\domains\Lagmoss\index.php(17): require('C:\\OpenServer\\d...')
#7 {main}
  thrown в C:\OpenServer\domains\Lagmoss\wp-includes\plugin.php на строке 590

