2021-03-29T06:13:10+00:00 CRITICAL syntax error, unexpected end of file в C:\OpenServer\domains\Lagmoss\wp-content\themes\lagmoss\woocommerce\includes\wc-functions-cart.php на строке 74

2021-03-29T06:13:11+00:00 CRITICAL syntax error, unexpected end of file в C:\OpenServer\domains\Lagmoss\wp-content\themes\lagmoss\woocommerce\includes\wc-functions-cart.php на строке 74

2021-03-29T06:13:42+00:00 CRITICAL require(): Failed opening required 'C:\OpenServer\domains\Lagmoss/wp-content/themes/lagmoss/woocommerce/wc-functions.php' (include_path='.') в C:\OpenServer\domains\Lagmoss\wp-content\themes\lagmoss\functions.php на строке 86

2021-03-29T06:13:43+00:00 CRITICAL require(): Failed opening required 'C:\OpenServer\domains\Lagmoss/wp-content/themes/lagmoss/woocommerce/wc-functions.php' (include_path='.') в C:\OpenServer\domains\Lagmoss\wp-content\themes\lagmoss\functions.php на строке 86

2021-03-29T06:15:01+00:00 CRITICAL syntax error, unexpected end of file в C:\OpenServer\domains\Lagmoss\wp-content\themes\lagmoss\woocommerce\includes\wc-functions-cart.php на строке 74

2021-03-29T06:15:02+00:00 CRITICAL syntax error, unexpected end of file в C:\OpenServer\domains\Lagmoss\wp-content\themes\lagmoss\woocommerce\includes\wc-functions-cart.php на строке 74

2021-03-29T06:16:13+00:00 CRITICAL syntax error, unexpected end of file в C:\OpenServer\domains\Lagmoss\wp-content\themes\lagmoss\woocommerce\includes\wc_functions_cart.php на строке 74

2021-03-29T06:16:13+00:00 CRITICAL syntax error, unexpected end of file в C:\OpenServer\domains\Lagmoss\wp-content\themes\lagmoss\woocommerce\includes\wc_functions_cart.php на строке 74

2021-03-29T06:17:07+00:00 CRITICAL syntax error, unexpected end of file в C:\OpenServer\domains\Lagmoss\wp-content\themes\lagmoss\woocommerce\includes\wc_functions_cart.php на строке 74

2021-03-29T06:17:08+00:00 CRITICAL syntax error, unexpected end of file в C:\OpenServer\domains\Lagmoss\wp-content\themes\lagmoss\woocommerce\includes\wc_functions_cart.php на строке 74

2021-03-29T06:17:43+00:00 CRITICAL require(): Failed opening required 'C:\OpenServer\domains\Lagmoss/wp-content/themes/lagmoss/woocommerce/includes/wc_functions_cart.php' (include_path='.') в C:\OpenServer\domains\Lagmoss\wp-content\themes\lagmoss\functions.php на строке 88

2021-03-29T06:17:44+00:00 CRITICAL require(): Failed opening required 'C:\OpenServer\domains\Lagmoss/wp-content/themes/lagmoss/woocommerce/includes/wc_functions_cart.php' (include_path='.') в C:\OpenServer\domains\Lagmoss\wp-content\themes\lagmoss\functions.php на строке 88

2021-03-29T06:18:41+00:00 CRITICAL syntax error, unexpected end of file в C:\OpenServer\domains\Lagmoss\wp-content\themes\lagmoss\woocommerce\includes\wc_functions_cart.php на строке 73

2021-03-29T06:18:42+00:00 CRITICAL syntax error, unexpected end of file в C:\OpenServer\domains\Lagmoss\wp-content\themes\lagmoss\woocommerce\includes\wc_functions_cart.php на строке 73

2021-03-29T06:19:48+00:00 CRITICAL syntax error, unexpected end of file в C:\OpenServer\domains\Lagmoss\wp-content\themes\lagmoss\woocommerce\includes\wc_functions_cart.php на строке 74

2021-03-29T06:19:48+00:00 CRITICAL syntax error, unexpected end of file в C:\OpenServer\domains\Lagmoss\wp-content\themes\lagmoss\woocommerce\includes\wc_functions_cart.php на строке 74

2021-03-29T09:08:06+00:00 CRITICAL syntax error, unexpected ',' в C:\OpenServer\domains\Lagmoss\wp-content\themes\lagmoss\woocommerce\includes\wc_functions_cart.php на строке 46

2021-03-29T09:08:06+00:00 CRITICAL syntax error, unexpected ',' в C:\OpenServer\domains\Lagmoss\wp-content\themes\lagmoss\woocommerce\includes\wc_functions_cart.php на строке 46

2021-03-29T09:08:24+00:00 CRITICAL syntax error, unexpected ')' в C:\OpenServer\domains\Lagmoss\wp-content\themes\lagmoss\woocommerce\includes\wc_functions_cart.php на строке 48

2021-03-29T09:08:25+00:00 CRITICAL syntax error, unexpected ')' в C:\OpenServer\domains\Lagmoss\wp-content\themes\lagmoss\woocommerce\includes\wc_functions_cart.php на строке 48

2021-03-29T09:11:04+00:00 CRITICAL syntax error, unexpected end of file в C:\OpenServer\domains\Lagmoss\wp-content\themes\lagmoss\woocommerce\includes\wc_functions_cart.php на строке 73

2021-03-29T09:11:04+00:00 CRITICAL syntax error, unexpected end of file в C:\OpenServer\domains\Lagmoss\wp-content\themes\lagmoss\woocommerce\includes\wc_functions_cart.php на строке 73

2021-03-29T09:11:39+00:00 CRITICAL require(): Failed opening required 'C:\OpenServer\domains\Lagmoss/wp-content/themes/lagmoss/woocommerce/includes/wc_functions_cart.php' (include_path='.') в C:\OpenServer\domains\Lagmoss\wp-content\themes\lagmoss\functions.php на строке 88

2021-03-29T09:11:39+00:00 CRITICAL require(): Failed opening required 'C:\OpenServer\domains\Lagmoss/wp-content/themes/lagmoss/woocommerce/includes/wc_functions_cart.php' (include_path='.') в C:\OpenServer\domains\Lagmoss\wp-content\themes\lagmoss\functions.php на строке 88

2021-03-29T09:12:15+00:00 CRITICAL require(): Failed opening required 'C:\OpenServer\domains\Lagmoss/wp-content/themes/lagmoss/woocommerce/includes/wc_functions_cart.php' (include_path='.') в C:\OpenServer\domains\Lagmoss\wp-content\themes\lagmoss\functions.php на строке 88

2021-03-29T09:12:16+00:00 CRITICAL require(): Failed opening required 'C:\OpenServer\domains\Lagmoss/wp-content/themes/lagmoss/woocommerce/includes/wc_functions_cart.php' (include_path='.') в C:\OpenServer\domains\Lagmoss\wp-content\themes\lagmoss\functions.php на строке 88

2021-03-29T09:12:35+00:00 CRITICAL require(): Failed opening required 'C:\OpenServer\domains\Lagmoss/wp-content/themes/lagmoss/woocommerce/includes/wc_functions_cart.php' (include_path='.') в C:\OpenServer\domains\Lagmoss\wp-content\themes\lagmoss\functions.php на строке 88

2021-03-29T09:12:36+00:00 CRITICAL require(): Failed opening required 'C:\OpenServer\domains\Lagmoss/wp-content/themes/lagmoss/woocommerce/includes/wc_functions_cart.php' (include_path='.') в C:\OpenServer\domains\Lagmoss\wp-content\themes\lagmoss\functions.php на строке 88

2021-03-29T09:13:21+00:00 CRITICAL require(): Failed opening required 'C:\OpenServer\domains\Lagmoss/wp-content/themes/lagmoss/woocommerce/includes/wc_functions_cart.php' (include_path='.') в C:\OpenServer\domains\Lagmoss\wp-content\themes\lagmoss\functions.php на строке 88

2021-03-29T09:13:21+00:00 CRITICAL require(): Failed opening required 'C:\OpenServer\domains\Lagmoss/wp-content/themes/lagmoss/woocommerce/includes/wc_functions_cart.php' (include_path='.') в C:\OpenServer\domains\Lagmoss\wp-content\themes\lagmoss\functions.php на строке 88

2021-03-29T09:14:00+00:00 CRITICAL require(): Failed opening required 'C:\OpenServer\domains\Lagmoss/wp-content/themes/lagmoss/woocommerce/includes/wc_functions_cart.php' (include_path='.') в C:\OpenServer\domains\Lagmoss\wp-content\themes\lagmoss\functions.php на строке 88

2021-03-29T09:14:01+00:00 CRITICAL require(): Failed opening required 'C:\OpenServer\domains\Lagmoss/wp-content/themes/lagmoss/woocommerce/includes/wc_functions_cart.php' (include_path='.') в C:\OpenServer\domains\Lagmoss\wp-content\themes\lagmoss\functions.php на строке 88

2021-03-29T09:15:01+00:00 CRITICAL require(): Failed opening required 'C:\OpenServer\domains\Lagmoss/wp-content/themes/lagmoss/woocommerce/includes/wc_functions_cart.php' (include_path='.') в C:\OpenServer\domains\Lagmoss\wp-content\themes\lagmoss\functions.php на строке 88

2021-03-29T09:15:02+00:00 CRITICAL require(): Failed opening required 'C:\OpenServer\domains\Lagmoss/wp-content/themes/lagmoss/woocommerce/includes/wc_functions_cart.php' (include_path='.') в C:\OpenServer\domains\Lagmoss\wp-content\themes\lagmoss\functions.php на строке 88

2021-03-29T09:15:04+00:00 CRITICAL require(): Failed opening required 'C:\OpenServer\domains\Lagmoss/wp-content/themes/lagmoss/woocommerce/includes/wc_functions_cart.php' (include_path='.') в C:\OpenServer\domains\Lagmoss\wp-content\themes\lagmoss\functions.php на строке 88

2021-03-29T09:15:05+00:00 CRITICAL require(): Failed opening required 'C:\OpenServer\domains\Lagmoss/wp-content/themes/lagmoss/woocommerce/includes/wc_functions_cart.php' (include_path='.') в C:\OpenServer\domains\Lagmoss\wp-content\themes\lagmoss\functions.php на строке 88

2021-03-29T09:15:30+00:00 CRITICAL require(): Failed opening required 'C:\OpenServer\domains\Lagmoss/wp-content/themes/lagmoss/woocommerce/includes/wc_functions_cart.php' (include_path='.') в C:\OpenServer\domains\Lagmoss\wp-content\themes\lagmoss\functions.php на строке 88

2021-03-29T09:15:31+00:00 CRITICAL require(): Failed opening required 'C:\OpenServer\domains\Lagmoss/wp-content/themes/lagmoss/woocommerce/includes/wc_functions_cart.php' (include_path='.') в C:\OpenServer\domains\Lagmoss\wp-content\themes\lagmoss\functions.php на строке 88

2021-03-29T09:16:04+00:00 CRITICAL require(): Failed opening required 'C:\OpenServer\domains\Lagmoss/wp-content/themes/lagmoss/woocommerce/includes/wc_functions_cart.php' (include_path='.') в C:\OpenServer\domains\Lagmoss\wp-content\themes\lagmoss\functions.php на строке 88

2021-03-29T09:16:05+00:00 CRITICAL require(): Failed opening required 'C:\OpenServer\domains\Lagmoss/wp-content/themes/lagmoss/woocommerce/includes/wc_functions_cart.php' (include_path='.') в C:\OpenServer\domains\Lagmoss\wp-content\themes\lagmoss\functions.php на строке 88

2021-03-29T09:16:20+00:00 CRITICAL require(): Failed opening required 'C:\OpenServer\domains\Lagmoss/wp-content/themes/lagmoss/woocommerce/includes/wc_functions_cart.php' (include_path='.') в C:\OpenServer\domains\Lagmoss\wp-content\themes\lagmoss\functions.php на строке 88

2021-03-29T09:16:21+00:00 CRITICAL require(): Failed opening required 'C:\OpenServer\domains\Lagmoss/wp-content/themes/lagmoss/woocommerce/includes/wc_functions_cart.php' (include_path='.') в C:\OpenServer\domains\Lagmoss\wp-content\themes\lagmoss\functions.php на строке 88

2021-03-29T09:37:19+00:00 CRITICAL Cannot redeclare lagmoss_woocommerce_cart_link() (previously declared in C:\OpenServer\domains\Lagmoss\wp-content\themes\lagmoss\includes\woocommerce.php:184) в C:\OpenServer\domains\Lagmoss\wp-content\themes\lagmoss\woocommerce\includes\wc_functions_cart.php на строке 32

2021-03-29T09:37:20+00:00 CRITICAL Cannot redeclare lagmoss_woocommerce_cart_link() (previously declared in C:\OpenServer\domains\Lagmoss\wp-content\themes\lagmoss\includes\woocommerce.php:184) в C:\OpenServer\domains\Lagmoss\wp-content\themes\lagmoss\woocommerce\includes\wc_functions_cart.php на строке 32

2021-03-29T09:46:21+00:00 CRITICAL Cannot redeclare lagmoss_woocommerce_cart_link() (previously declared in C:\OpenServer\domains\Lagmoss\wp-content\themes\lagmoss\includes\woocommerce.php:184) в C:\OpenServer\domains\Lagmoss\wp-content\themes\lagmoss\woocommerce\includes\wc_functions_cart.php на строке 32

2021-03-29T09:46:22+00:00 CRITICAL Cannot redeclare lagmoss_woocommerce_cart_link() (previously declared in C:\OpenServer\domains\Lagmoss\wp-content\themes\lagmoss\includes\woocommerce.php:184) в C:\OpenServer\domains\Lagmoss\wp-content\themes\lagmoss\woocommerce\includes\wc_functions_cart.php на строке 32

2021-03-29T09:47:13+00:00 CRITICAL Cannot redeclare lagmoss_woocommerce_cart_link() (previously declared in C:\OpenServer\domains\Lagmoss\wp-content\themes\lagmoss\includes\woocommerce.php:184) в C:\OpenServer\domains\Lagmoss\wp-content\themes\lagmoss\woocommerce\includes\wc_functions_cart.php на строке 37

2021-03-29T09:47:13+00:00 CRITICAL Cannot redeclare lagmoss_woocommerce_cart_link() (previously declared in C:\OpenServer\domains\Lagmoss\wp-content\themes\lagmoss\includes\woocommerce.php:184) в C:\OpenServer\domains\Lagmoss\wp-content\themes\lagmoss\woocommerce\includes\wc_functions_cart.php на строке 37

2021-03-29T09:49:40+00:00 CRITICAL Cannot redeclare lagmoss_woocommerce_cart_link() (previously declared in C:\OpenServer\domains\Lagmoss\wp-content\themes\lagmoss\includes\woocommerce.php:184) в C:\OpenServer\domains\Lagmoss\wp-content\themes\lagmoss\woocommerce\includes\wc_functions_cart.php на строке 37

2021-03-29T09:49:41+00:00 CRITICAL Cannot redeclare lagmoss_woocommerce_cart_link() (previously declared in C:\OpenServer\domains\Lagmoss\wp-content\themes\lagmoss\includes\woocommerce.php:184) в C:\OpenServer\domains\Lagmoss\wp-content\themes\lagmoss\woocommerce\includes\wc_functions_cart.php на строке 37

2021-03-29T09:50:04+00:00 CRITICAL Cannot redeclare lagmoss_woocommerce_cart_link() (previously declared in C:\OpenServer\domains\Lagmoss\wp-content\themes\lagmoss\includes\woocommerce.php:184) в C:\OpenServer\domains\Lagmoss\wp-content\themes\lagmoss\woocommerce\includes\wc_functions_cart.php на строке 37

2021-03-29T09:50:05+00:00 CRITICAL Cannot redeclare lagmoss_woocommerce_cart_link() (previously declared in C:\OpenServer\domains\Lagmoss\wp-content\themes\lagmoss\includes\woocommerce.php:184) в C:\OpenServer\domains\Lagmoss\wp-content\themes\lagmoss\woocommerce\includes\wc_functions_cart.php на строке 37

2021-03-29T09:51:53+00:00 CRITICAL Cannot redeclare lagmoss_woocommerce_cart_link() (previously declared in C:\OpenServer\domains\Lagmoss\wp-content\themes\lagmoss\includes\woocommerce.php:184) в C:\OpenServer\domains\Lagmoss\wp-content\themes\lagmoss\woocommerce\includes\wc_functions_cart.php на строке 37

2021-03-29T09:51:54+00:00 CRITICAL Cannot redeclare lagmoss_woocommerce_cart_link() (previously declared in C:\OpenServer\domains\Lagmoss\wp-content\themes\lagmoss\includes\woocommerce.php:184) в C:\OpenServer\domains\Lagmoss\wp-content\themes\lagmoss\woocommerce\includes\wc_functions_cart.php на строке 37

2021-03-29T11:14:23+00:00 CRITICAL Cannot redeclare lagmoss_woocommerce_cart_link() (previously declared in C:\OpenServer\domains\Lagmoss\wp-content\themes\lagmoss\woocommerce\includes\wc_functions_remove.php:11) в C:\OpenServer\domains\Lagmoss\wp-content\themes\lagmoss\woocommerce\includes\wc_functions_cart.php на строке 38

2021-03-29T11:14:24+00:00 CRITICAL Cannot redeclare lagmoss_woocommerce_cart_link() (previously declared in C:\OpenServer\domains\Lagmoss\wp-content\themes\lagmoss\woocommerce\includes\wc_functions_remove.php:11) в C:\OpenServer\domains\Lagmoss\wp-content\themes\lagmoss\woocommerce\includes\wc_functions_cart.php на строке 38

2021-03-29T11:14:45+00:00 CRITICAL Cannot redeclare lagmoss_woocommerce_cart_link() (previously declared in C:\OpenServer\domains\Lagmoss\wp-content\themes\lagmoss\woocommerce\includes\wc_functions_remove.php:11) в C:\OpenServer\domains\Lagmoss\wp-content\themes\lagmoss\woocommerce\includes\wc_functions_cart.php на строке 38

2021-03-29T11:14:46+00:00 CRITICAL Cannot redeclare lagmoss_woocommerce_cart_link() (previously declared in C:\OpenServer\domains\Lagmoss\wp-content\themes\lagmoss\woocommerce\includes\wc_functions_remove.php:11) в C:\OpenServer\domains\Lagmoss\wp-content\themes\lagmoss\woocommerce\includes\wc_functions_cart.php на строке 38

2021-03-29T11:14:59+00:00 CRITICAL Cannot redeclare lagmoss_woocommerce_cart_link() (previously declared in C:\OpenServer\domains\Lagmoss\wp-content\themes\lagmoss\woocommerce\includes\wc_functions_remove.php:11) в C:\OpenServer\domains\Lagmoss\wp-content\themes\lagmoss\woocommerce\includes\wc_functions_cart.php на строке 38

2021-03-29T11:15:00+00:00 CRITICAL Cannot redeclare lagmoss_woocommerce_cart_link() (previously declared in C:\OpenServer\domains\Lagmoss\wp-content\themes\lagmoss\woocommerce\includes\wc_functions_remove.php:11) в C:\OpenServer\domains\Lagmoss\wp-content\themes\lagmoss\woocommerce\includes\wc_functions_cart.php на строке 38

