2021-03-24T06:06:45+00:00 CRITICAL Uncaught Error: Call to undefined function lagmoss_post_thumbnail() in C:\OpenServer\domains\Lagmoss\wp-content\themes\lagmoss\template-parts\content-page.php:17
Stack trace:
#0 C:\OpenServer\domains\Lagmoss\wp-includes\template.php(732): require()
#1 C:\OpenServer\domains\Lagmoss\wp-includes\template.php(676): load_template('C:\\OpenServer\\d...', false, Array)
#2 C:\OpenServer\domains\Lagmoss\wp-includes\general-template.php(204): locate_template(Array, true, false, Array)
#3 C:\OpenServer\domains\Lagmoss\wp-content\themes\lagmoss\page.php(24): get_template_part('template-parts/...', 'page')
#4 C:\OpenServer\domains\Lagmoss\wp-includes\template-loader.php(106): include('C:\\OpenServer\\d...')
#5 C:\OpenServer\domains\Lagmoss\wp-blog-header.php(19): require_once('C:\\OpenServer\\d...')
#6 C:\OpenServer\domains\Lagmoss\index.php(17): require('C:\\OpenServer\\d...')
#7 {main}
  thrown в C:\OpenServer\domains\Lagmoss\wp-content\themes\lagmoss\template-parts\content-page.php на строке 17

2021-03-24T06:19:24+00:00 CRITICAL Uncaught Error: Call to undefined function lagmoss_post_thumbnail() in C:\OpenServer\domains\Lagmoss\wp-content\themes\lagmoss\template-parts\content-page.php:17
Stack trace:
#0 C:\OpenServer\domains\Lagmoss\wp-includes\template.php(732): require()
#1 C:\OpenServer\domains\Lagmoss\wp-includes\template.php(676): load_template('C:\\OpenServer\\d...', false, Array)
#2 C:\OpenServer\domains\Lagmoss\wp-includes\general-template.php(204): locate_template(Array, true, false, Array)
#3 C:\OpenServer\domains\Lagmoss\wp-content\themes\lagmoss\page.php(24): get_template_part('template-parts/...', 'page')
#4 C:\OpenServer\domains\Lagmoss\wp-includes\template-loader.php(106): include('C:\\OpenServer\\d...')
#5 C:\OpenServer\domains\Lagmoss\wp-blog-header.php(19): require_once('C:\\OpenServer\\d...')
#6 C:\OpenServer\domains\Lagmoss\index.php(17): require('C:\\OpenServer\\d...')
#7 {main}
  thrown в C:\OpenServer\domains\Lagmoss\wp-content\themes\lagmoss\template-parts\content-page.php на строке 17

2021-03-24T06:19:26+00:00 CRITICAL Uncaught Error: Call to undefined function lagmoss_post_thumbnail() in C:\OpenServer\domains\Lagmoss\wp-content\themes\lagmoss\template-parts\content-page.php:17
Stack trace:
#0 C:\OpenServer\domains\Lagmoss\wp-includes\template.php(732): require()
#1 C:\OpenServer\domains\Lagmoss\wp-includes\template.php(676): load_template('C:\\OpenServer\\d...', false, Array)
#2 C:\OpenServer\domains\Lagmoss\wp-includes\general-template.php(204): locate_template(Array, true, false, Array)
#3 C:\OpenServer\domains\Lagmoss\wp-content\themes\lagmoss\page.php(24): get_template_part('template-parts/...', 'page')
#4 C:\OpenServer\domains\Lagmoss\wp-includes\template-loader.php(106): include('C:\\OpenServer\\d...')
#5 C:\OpenServer\domains\Lagmoss\wp-blog-header.php(19): require_once('C:\\OpenServer\\d...')
#6 C:\OpenServer\domains\Lagmoss\index.php(17): require('C:\\OpenServer\\d...')
#7 {main}
  thrown в C:\OpenServer\domains\Lagmoss\wp-content\themes\lagmoss\template-parts\content-page.php на строке 17

2021-03-24T07:01:34+00:00 CRITICAL Uncaught Error: Call to undefined function lagmoss_post_thumbnail() in C:\OpenServer\domains\Lagmoss\wp-content\themes\lagmoss\template-parts\content-page.php:17
Stack trace:
#0 C:\OpenServer\domains\Lagmoss\wp-includes\template.php(732): require()
#1 C:\OpenServer\domains\Lagmoss\wp-includes\template.php(676): load_template('C:\\OpenServer\\d...', false, Array)
#2 C:\OpenServer\domains\Lagmoss\wp-includes\general-template.php(204): locate_template(Array, true, false, Array)
#3 C:\OpenServer\domains\Lagmoss\wp-content\themes\lagmoss\page.php(24): get_template_part('template-parts/...', 'page')
#4 C:\OpenServer\domains\Lagmoss\wp-includes\template-loader.php(106): include('C:\\OpenServer\\d...')
#5 C:\OpenServer\domains\Lagmoss\wp-blog-header.php(19): require_once('C:\\OpenServer\\d...')
#6 C:\OpenServer\domains\Lagmoss\index.php(17): require('C:\\OpenServer\\d...')
#7 {main}
  thrown в C:\OpenServer\domains\Lagmoss\wp-content\themes\lagmoss\template-parts\content-page.php на строке 17

2021-03-24T07:07:12+00:00 CRITICAL Uncaught Error: Call to undefined function lagmoss_post_thumbnail() in C:\OpenServer\domains\Lagmoss\wp-content\themes\lagmoss\template-parts\content-page.php:17
Stack trace:
#0 C:\OpenServer\domains\Lagmoss\wp-includes\template.php(732): require()
#1 C:\OpenServer\domains\Lagmoss\wp-includes\template.php(676): load_template('C:\\OpenServer\\d...', false, Array)
#2 C:\OpenServer\domains\Lagmoss\wp-includes\general-template.php(204): locate_template(Array, true, false, Array)
#3 C:\OpenServer\domains\Lagmoss\wp-content\themes\lagmoss\page.php(24): get_template_part('template-parts/...', 'page')
#4 C:\OpenServer\domains\Lagmoss\wp-includes\template-loader.php(106): include('C:\\OpenServer\\d...')
#5 C:\OpenServer\domains\Lagmoss\wp-blog-header.php(19): require_once('C:\\OpenServer\\d...')
#6 C:\OpenServer\domains\Lagmoss\index.php(17): require('C:\\OpenServer\\d...')
#7 {main}
  thrown в C:\OpenServer\domains\Lagmoss\wp-content\themes\lagmoss\template-parts\content-page.php на строке 17

2021-03-24T07:07:50+00:00 CRITICAL Uncaught Error: Call to undefined function lagmoss_post_thumbnail() in C:\OpenServer\domains\Lagmoss\wp-content\themes\lagmoss\template-parts\content-page.php:17
Stack trace:
#0 C:\OpenServer\domains\Lagmoss\wp-includes\template.php(732): require()
#1 C:\OpenServer\domains\Lagmoss\wp-includes\template.php(676): load_template('C:\\OpenServer\\d...', false, Array)
#2 C:\OpenServer\domains\Lagmoss\wp-includes\general-template.php(204): locate_template(Array, true, false, Array)
#3 C:\OpenServer\domains\Lagmoss\wp-content\themes\lagmoss\page.php(24): get_template_part('template-parts/...', 'page')
#4 C:\OpenServer\domains\Lagmoss\wp-includes\template-loader.php(106): include('C:\\OpenServer\\d...')
#5 C:\OpenServer\domains\Lagmoss\wp-blog-header.php(19): require_once('C:\\OpenServer\\d...')
#6 C:\OpenServer\domains\Lagmoss\index.php(17): require('C:\\OpenServer\\d...')
#7 {main}
  thrown в C:\OpenServer\domains\Lagmoss\wp-content\themes\lagmoss\template-parts\content-page.php на строке 17

2021-03-24T07:11:34+00:00 CRITICAL Uncaught Error: Call to undefined function lagmoss_post_thumbnail() in C:\OpenServer\domains\Lagmoss\wp-content\themes\lagmoss\template-parts\content-page.php:17
Stack trace:
#0 C:\OpenServer\domains\Lagmoss\wp-includes\template.php(732): require()
#1 C:\OpenServer\domains\Lagmoss\wp-includes\template.php(676): load_template('C:\\OpenServer\\d...', false, Array)
#2 C:\OpenServer\domains\Lagmoss\wp-includes\general-template.php(204): locate_template(Array, true, false, Array)
#3 C:\OpenServer\domains\Lagmoss\wp-content\themes\lagmoss\page.php(24): get_template_part('template-parts/...', 'page')
#4 C:\OpenServer\domains\Lagmoss\wp-includes\template-loader.php(106): include('C:\\OpenServer\\d...')
#5 C:\OpenServer\domains\Lagmoss\wp-blog-header.php(19): require_once('C:\\OpenServer\\d...')
#6 C:\OpenServer\domains\Lagmoss\index.php(17): require('C:\\OpenServer\\d...')
#7 {main}
  thrown в C:\OpenServer\domains\Lagmoss\wp-content\themes\lagmoss\template-parts\content-page.php на строке 17

2021-03-24T07:35:49+00:00 CRITICAL Uncaught Error: Call to undefined function lagmoss_post_thumbnail() in C:\OpenServer\domains\Lagmoss\wp-content\themes\lagmoss\template-parts\content-page.php:17
Stack trace:
#0 C:\OpenServer\domains\Lagmoss\wp-includes\template.php(732): require()
#1 C:\OpenServer\domains\Lagmoss\wp-includes\template.php(676): load_template('C:\\OpenServer\\d...', false, Array)
#2 C:\OpenServer\domains\Lagmoss\wp-includes\general-template.php(204): locate_template(Array, true, false, Array)
#3 C:\OpenServer\domains\Lagmoss\wp-content\themes\lagmoss\page.php(24): get_template_part('template-parts/...', 'page')
#4 C:\OpenServer\domains\Lagmoss\wp-includes\template-loader.php(106): include('C:\\OpenServer\\d...')
#5 C:\OpenServer\domains\Lagmoss\wp-blog-header.php(19): require_once('C:\\OpenServer\\d...')
#6 C:\OpenServer\domains\Lagmoss\index.php(17): require('C:\\OpenServer\\d...')
#7 {main}
  thrown в C:\OpenServer\domains\Lagmoss\wp-content\themes\lagmoss\template-parts\content-page.php на строке 17

2021-03-24T07:36:10+00:00 CRITICAL Uncaught Error: Call to undefined function lagmoss_post_thumbnail() in C:\OpenServer\domains\Lagmoss\wp-content\themes\lagmoss\template-parts\content-page.php:17
Stack trace:
#0 C:\OpenServer\domains\Lagmoss\wp-includes\template.php(732): require()
#1 C:\OpenServer\domains\Lagmoss\wp-includes\template.php(676): load_template('C:\\OpenServer\\d...', false, Array)
#2 C:\OpenServer\domains\Lagmoss\wp-includes\general-template.php(204): locate_template(Array, true, false, Array)
#3 C:\OpenServer\domains\Lagmoss\wp-content\themes\lagmoss\page.php(24): get_template_part('template-parts/...', 'page')
#4 C:\OpenServer\domains\Lagmoss\wp-includes\template-loader.php(106): include('C:\\OpenServer\\d...')
#5 C:\OpenServer\domains\Lagmoss\wp-blog-header.php(19): require_once('C:\\OpenServer\\d...')
#6 C:\OpenServer\domains\Lagmoss\index.php(17): require('C:\\OpenServer\\d...')
#7 {main}
  thrown в C:\OpenServer\domains\Lagmoss\wp-content\themes\lagmoss\template-parts\content-page.php на строке 17

2021-03-24T07:37:28+00:00 CRITICAL Uncaught Error: Call to undefined function lagmoss_post_thumbnail() in C:\OpenServer\domains\Lagmoss\wp-content\themes\lagmoss\template-parts\content-page.php:17
Stack trace:
#0 C:\OpenServer\domains\Lagmoss\wp-includes\template.php(732): require()
#1 C:\OpenServer\domains\Lagmoss\wp-includes\template.php(676): load_template('C:\\OpenServer\\d...', false, Array)
#2 C:\OpenServer\domains\Lagmoss\wp-includes\general-template.php(204): locate_template(Array, true, false, Array)
#3 C:\OpenServer\domains\Lagmoss\wp-content\themes\lagmoss\page.php(24): get_template_part('template-parts/...', 'page')
#4 C:\OpenServer\domains\Lagmoss\wp-includes\template-loader.php(106): include('C:\\OpenServer\\d...')
#5 C:\OpenServer\domains\Lagmoss\wp-blog-header.php(19): require_once('C:\\OpenServer\\d...')
#6 C:\OpenServer\domains\Lagmoss\index.php(17): require('C:\\OpenServer\\d...')
#7 {main}
  thrown в C:\OpenServer\domains\Lagmoss\wp-content\themes\lagmoss\template-parts\content-page.php на строке 17

2021-03-24T10:32:10+00:00 CRITICAL Uncaught Error: Call to undefined function lagmoss_post_thumbnail() in C:\OpenServer\domains\Lagmoss\wp-content\themes\lagmoss\template-parts\content-page.php:17
Stack trace:
#0 C:\OpenServer\domains\Lagmoss\wp-includes\template.php(732): require()
#1 C:\OpenServer\domains\Lagmoss\wp-includes\template.php(676): load_template('C:\\OpenServer\\d...', false, Array)
#2 C:\OpenServer\domains\Lagmoss\wp-includes\general-template.php(204): locate_template(Array, true, false, Array)
#3 C:\OpenServer\domains\Lagmoss\wp-content\themes\lagmoss\page.php(24): get_template_part('template-parts/...', 'page')
#4 C:\OpenServer\domains\Lagmoss\wp-includes\template-loader.php(106): include('C:\\OpenServer\\d...')
#5 C:\OpenServer\domains\Lagmoss\wp-blog-header.php(19): require_once('C:\\OpenServer\\d...')
#6 C:\OpenServer\domains\Lagmoss\index.php(17): require('C:\\OpenServer\\d...')
#7 {main}
  thrown в C:\OpenServer\domains\Lagmoss\wp-content\themes\lagmoss\template-parts\content-page.php на строке 17

2021-03-24T10:56:03+00:00 CRITICAL Uncaught Error: Call to undefined function lagmoss_post_thumbnail() in C:\OpenServer\domains\Lagmoss\wp-content\themes\lagmoss\template-parts\content-page.php:17
Stack trace:
#0 C:\OpenServer\domains\Lagmoss\wp-includes\template.php(732): require()
#1 C:\OpenServer\domains\Lagmoss\wp-includes\template.php(676): load_template('C:\\OpenServer\\d...', false, Array)
#2 C:\OpenServer\domains\Lagmoss\wp-includes\general-template.php(204): locate_template(Array, true, false, Array)
#3 C:\OpenServer\domains\Lagmoss\wp-content\themes\lagmoss\page.php(24): get_template_part('template-parts/...', 'page')
#4 C:\OpenServer\domains\Lagmoss\wp-includes\template-loader.php(106): include('C:\\OpenServer\\d...')
#5 C:\OpenServer\domains\Lagmoss\wp-blog-header.php(19): require_once('C:\\OpenServer\\d...')
#6 C:\OpenServer\domains\Lagmoss\index.php(17): require('C:\\OpenServer\\d...')
#7 {main}
  thrown в C:\OpenServer\domains\Lagmoss\wp-content\themes\lagmoss\template-parts\content-page.php на строке 17

2021-03-24T10:58:05+00:00 CRITICAL Uncaught Error: Call to undefined function lagmoss_post_thumbnail() in C:\OpenServer\domains\Lagmoss\wp-content\themes\lagmoss\template-parts\content-page.php:17
Stack trace:
#0 C:\OpenServer\domains\Lagmoss\wp-includes\template.php(732): require()
#1 C:\OpenServer\domains\Lagmoss\wp-includes\template.php(676): load_template('C:\\OpenServer\\d...', false, Array)
#2 C:\OpenServer\domains\Lagmoss\wp-includes\general-template.php(204): locate_template(Array, true, false, Array)
#3 C:\OpenServer\domains\Lagmoss\wp-content\themes\lagmoss\page.php(24): get_template_part('template-parts/...', 'page')
#4 C:\OpenServer\domains\Lagmoss\wp-includes\template-loader.php(106): include('C:\\OpenServer\\d...')
#5 C:\OpenServer\domains\Lagmoss\wp-blog-header.php(19): require_once('C:\\OpenServer\\d...')
#6 C:\OpenServer\domains\Lagmoss\index.php(17): require('C:\\OpenServer\\d...')
#7 {main}
  thrown в C:\OpenServer\domains\Lagmoss\wp-content\themes\lagmoss\template-parts\content-page.php на строке 17

2021-03-24T11:06:25+00:00 CRITICAL Uncaught Error: Call to undefined function lagmoss_post_thumbnail() in C:\OpenServer\domains\Lagmoss\wp-content\themes\lagmoss\template-parts\content-page.php:17
Stack trace:
#0 C:\OpenServer\domains\Lagmoss\wp-includes\template.php(732): require()
#1 C:\OpenServer\domains\Lagmoss\wp-includes\template.php(676): load_template('C:\\OpenServer\\d...', false, Array)
#2 C:\OpenServer\domains\Lagmoss\wp-includes\general-template.php(204): locate_template(Array, true, false, Array)
#3 C:\OpenServer\domains\Lagmoss\wp-content\themes\lagmoss\page.php(24): get_template_part('template-parts/...', 'page')
#4 C:\OpenServer\domains\Lagmoss\wp-includes\template-loader.php(106): include('C:\\OpenServer\\d...')
#5 C:\OpenServer\domains\Lagmoss\wp-blog-header.php(19): require_once('C:\\OpenServer\\d...')
#6 C:\OpenServer\domains\Lagmoss\index.php(17): require('C:\\OpenServer\\d...')
#7 {main}
  thrown в C:\OpenServer\domains\Lagmoss\wp-content\themes\lagmoss\template-parts\content-page.php на строке 17

2021-03-24T11:06:28+00:00 CRITICAL Uncaught Error: Call to undefined function lagmoss_post_thumbnail() in C:\OpenServer\domains\Lagmoss\wp-content\themes\lagmoss\template-parts\content-page.php:17
Stack trace:
#0 C:\OpenServer\domains\Lagmoss\wp-includes\template.php(732): require()
#1 C:\OpenServer\domains\Lagmoss\wp-includes\template.php(676): load_template('C:\\OpenServer\\d...', false, Array)
#2 C:\OpenServer\domains\Lagmoss\wp-includes\general-template.php(204): locate_template(Array, true, false, Array)
#3 C:\OpenServer\domains\Lagmoss\wp-content\themes\lagmoss\page.php(24): get_template_part('template-parts/...', 'page')
#4 C:\OpenServer\domains\Lagmoss\wp-includes\template-loader.php(106): include('C:\\OpenServer\\d...')
#5 C:\OpenServer\domains\Lagmoss\wp-blog-header.php(19): require_once('C:\\OpenServer\\d...')
#6 C:\OpenServer\domains\Lagmoss\index.php(17): require('C:\\OpenServer\\d...')
#7 {main}
  thrown в C:\OpenServer\domains\Lagmoss\wp-content\themes\lagmoss\template-parts\content-page.php на строке 17

2021-03-24T11:07:59+00:00 CRITICAL Uncaught Error: Call to undefined function lagmoss_post_thumbnail() in C:\OpenServer\domains\Lagmoss\wp-content\themes\lagmoss\template-parts\content-page.php:17
Stack trace:
#0 C:\OpenServer\domains\Lagmoss\wp-includes\template.php(732): require()
#1 C:\OpenServer\domains\Lagmoss\wp-includes\template.php(676): load_template('C:\\OpenServer\\d...', false, Array)
#2 C:\OpenServer\domains\Lagmoss\wp-includes\general-template.php(204): locate_template(Array, true, false, Array)
#3 C:\OpenServer\domains\Lagmoss\wp-content\themes\lagmoss\page.php(24): get_template_part('template-parts/...', 'page')
#4 C:\OpenServer\domains\Lagmoss\wp-includes\template-loader.php(106): include('C:\\OpenServer\\d...')
#5 C:\OpenServer\domains\Lagmoss\wp-blog-header.php(19): require_once('C:\\OpenServer\\d...')
#6 C:\OpenServer\domains\Lagmoss\index.php(17): require('C:\\OpenServer\\d...')
#7 {main}
  thrown в C:\OpenServer\domains\Lagmoss\wp-content\themes\lagmoss\template-parts\content-page.php на строке 17

2021-03-24T11:08:47+00:00 CRITICAL Uncaught Error: Call to undefined function lagmoss_post_thumbnail() in C:\OpenServer\domains\Lagmoss\wp-content\themes\lagmoss\template-parts\content-page.php:17
Stack trace:
#0 C:\OpenServer\domains\Lagmoss\wp-includes\template.php(732): require()
#1 C:\OpenServer\domains\Lagmoss\wp-includes\template.php(676): load_template('C:\\OpenServer\\d...', false, Array)
#2 C:\OpenServer\domains\Lagmoss\wp-includes\general-template.php(204): locate_template(Array, true, false, Array)
#3 C:\OpenServer\domains\Lagmoss\wp-content\themes\lagmoss\page.php(24): get_template_part('template-parts/...', 'page')
#4 C:\OpenServer\domains\Lagmoss\wp-includes\template-loader.php(106): include('C:\\OpenServer\\d...')
#5 C:\OpenServer\domains\Lagmoss\wp-blog-header.php(19): require_once('C:\\OpenServer\\d...')
#6 C:\OpenServer\domains\Lagmoss\index.php(17): require('C:\\OpenServer\\d...')
#7 {main}
  thrown в C:\OpenServer\domains\Lagmoss\wp-content\themes\lagmoss\template-parts\content-page.php на строке 17

2021-03-24T11:08:52+00:00 CRITICAL Uncaught Error: Call to undefined function lagmoss_post_thumbnail() in C:\OpenServer\domains\Lagmoss\wp-content\themes\lagmoss\template-parts\content-page.php:17
Stack trace:
#0 C:\OpenServer\domains\Lagmoss\wp-includes\template.php(732): require()
#1 C:\OpenServer\domains\Lagmoss\wp-includes\template.php(676): load_template('C:\\OpenServer\\d...', false, Array)
#2 C:\OpenServer\domains\Lagmoss\wp-includes\general-template.php(204): locate_template(Array, true, false, Array)
#3 C:\OpenServer\domains\Lagmoss\wp-content\themes\lagmoss\page.php(24): get_template_part('template-parts/...', 'page')
#4 C:\OpenServer\domains\Lagmoss\wp-includes\template-loader.php(106): include('C:\\OpenServer\\d...')
#5 C:\OpenServer\domains\Lagmoss\wp-blog-header.php(19): require_once('C:\\OpenServer\\d...')
#6 C:\OpenServer\domains\Lagmoss\index.php(17): require('C:\\OpenServer\\d...')
#7 {main}
  thrown в C:\OpenServer\domains\Lagmoss\wp-content\themes\lagmoss\template-parts\content-page.php на строке 17

2021-03-24T11:10:50+00:00 CRITICAL Uncaught Error: Call to undefined function lagmoss_post_thumbnail() in C:\OpenServer\domains\Lagmoss\wp-content\themes\lagmoss\template-parts\content-page.php:17
Stack trace:
#0 C:\OpenServer\domains\Lagmoss\wp-includes\template.php(732): require()
#1 C:\OpenServer\domains\Lagmoss\wp-includes\template.php(676): load_template('C:\\OpenServer\\d...', false, Array)
#2 C:\OpenServer\domains\Lagmoss\wp-includes\general-template.php(204): locate_template(Array, true, false, Array)
#3 C:\OpenServer\domains\Lagmoss\wp-content\themes\lagmoss\page.php(24): get_template_part('template-parts/...', 'page')
#4 C:\OpenServer\domains\Lagmoss\wp-includes\template-loader.php(106): include('C:\\OpenServer\\d...')
#5 C:\OpenServer\domains\Lagmoss\wp-blog-header.php(19): require_once('C:\\OpenServer\\d...')
#6 C:\OpenServer\domains\Lagmoss\index.php(17): require('C:\\OpenServer\\d...')
#7 {main}
  thrown в C:\OpenServer\domains\Lagmoss\wp-content\themes\lagmoss\template-parts\content-page.php на строке 17

2021-03-24T11:12:11+00:00 CRITICAL Uncaught Error: Call to undefined function lagmoss_post_thumbnail() in C:\OpenServer\domains\Lagmoss\wp-content\themes\lagmoss\template-parts\content-page.php:17
Stack trace:
#0 C:\OpenServer\domains\Lagmoss\wp-includes\template.php(732): require()
#1 C:\OpenServer\domains\Lagmoss\wp-includes\template.php(676): load_template('C:\\OpenServer\\d...', false, Array)
#2 C:\OpenServer\domains\Lagmoss\wp-includes\general-template.php(204): locate_template(Array, true, false, Array)
#3 C:\OpenServer\domains\Lagmoss\wp-content\themes\lagmoss\page.php(24): get_template_part('template-parts/...', 'page')
#4 C:\OpenServer\domains\Lagmoss\wp-includes\template-loader.php(106): include('C:\\OpenServer\\d...')
#5 C:\OpenServer\domains\Lagmoss\wp-blog-header.php(19): require_once('C:\\OpenServer\\d...')
#6 C:\OpenServer\domains\Lagmoss\index.php(17): require('C:\\OpenServer\\d...')
#7 {main}
  thrown в C:\OpenServer\domains\Lagmoss\wp-content\themes\lagmoss\template-parts\content-page.php на строке 17

2021-03-24T11:12:17+00:00 CRITICAL Uncaught Error: Call to undefined function lagmoss_post_thumbnail() in C:\OpenServer\domains\Lagmoss\wp-content\themes\lagmoss\template-parts\content-page.php:17
Stack trace:
#0 C:\OpenServer\domains\Lagmoss\wp-includes\template.php(732): require()
#1 C:\OpenServer\domains\Lagmoss\wp-includes\template.php(676): load_template('C:\\OpenServer\\d...', false, Array)
#2 C:\OpenServer\domains\Lagmoss\wp-includes\general-template.php(204): locate_template(Array, true, false, Array)
#3 C:\OpenServer\domains\Lagmoss\wp-content\themes\lagmoss\page.php(24): get_template_part('template-parts/...', 'page')
#4 C:\OpenServer\domains\Lagmoss\wp-includes\template-loader.php(106): include('C:\\OpenServer\\d...')
#5 C:\OpenServer\domains\Lagmoss\wp-blog-header.php(19): require_once('C:\\OpenServer\\d...')
#6 C:\OpenServer\domains\Lagmoss\index.php(17): require('C:\\OpenServer\\d...')
#7 {main}
  thrown в C:\OpenServer\domains\Lagmoss\wp-content\themes\lagmoss\template-parts\content-page.php на строке 17

2021-03-24T11:12:41+00:00 CRITICAL Uncaught Error: Call to undefined function lagmoss_post_thumbnail() in C:\OpenServer\domains\Lagmoss\wp-content\themes\lagmoss\template-parts\content-page.php:17
Stack trace:
#0 C:\OpenServer\domains\Lagmoss\wp-includes\template.php(732): require()
#1 C:\OpenServer\domains\Lagmoss\wp-includes\template.php(676): load_template('C:\\OpenServer\\d...', false, Array)
#2 C:\OpenServer\domains\Lagmoss\wp-includes\general-template.php(204): locate_template(Array, true, false, Array)
#3 C:\OpenServer\domains\Lagmoss\wp-content\themes\lagmoss\page.php(24): get_template_part('template-parts/...', 'page')
#4 C:\OpenServer\domains\Lagmoss\wp-includes\template-loader.php(106): include('C:\\OpenServer\\d...')
#5 C:\OpenServer\domains\Lagmoss\wp-blog-header.php(19): require_once('C:\\OpenServer\\d...')
#6 C:\OpenServer\domains\Lagmoss\index.php(17): require('C:\\OpenServer\\d...')
#7 {main}
  thrown в C:\OpenServer\domains\Lagmoss\wp-content\themes\lagmoss\template-parts\content-page.php на строке 17

2021-03-24T11:12:56+00:00 CRITICAL Uncaught Error: Call to undefined function lagmoss_post_thumbnail() in C:\OpenServer\domains\Lagmoss\wp-content\themes\lagmoss\template-parts\content-page.php:17
Stack trace:
#0 C:\OpenServer\domains\Lagmoss\wp-includes\template.php(732): require()
#1 C:\OpenServer\domains\Lagmoss\wp-includes\template.php(676): load_template('C:\\OpenServer\\d...', false, Array)
#2 C:\OpenServer\domains\Lagmoss\wp-includes\general-template.php(204): locate_template(Array, true, false, Array)
#3 C:\OpenServer\domains\Lagmoss\wp-content\themes\lagmoss\page.php(24): get_template_part('template-parts/...', 'page')
#4 C:\OpenServer\domains\Lagmoss\wp-includes\template-loader.php(106): include('C:\\OpenServer\\d...')
#5 C:\OpenServer\domains\Lagmoss\wp-blog-header.php(19): require_once('C:\\OpenServer\\d...')
#6 C:\OpenServer\domains\Lagmoss\index.php(17): require('C:\\OpenServer\\d...')
#7 {main}
  thrown в C:\OpenServer\domains\Lagmoss\wp-content\themes\lagmoss\template-parts\content-page.php на строке 17

2021-03-24T11:13:04+00:00 CRITICAL Uncaught Error: Call to undefined function lagmoss_post_thumbnail() in C:\OpenServer\domains\Lagmoss\wp-content\themes\lagmoss\template-parts\content-page.php:17
Stack trace:
#0 C:\OpenServer\domains\Lagmoss\wp-includes\template.php(732): require()
#1 C:\OpenServer\domains\Lagmoss\wp-includes\template.php(676): load_template('C:\\OpenServer\\d...', false, Array)
#2 C:\OpenServer\domains\Lagmoss\wp-includes\general-template.php(204): locate_template(Array, true, false, Array)
#3 C:\OpenServer\domains\Lagmoss\wp-content\themes\lagmoss\page.php(24): get_template_part('template-parts/...', 'page')
#4 C:\OpenServer\domains\Lagmoss\wp-includes\template-loader.php(106): include('C:\\OpenServer\\d...')
#5 C:\OpenServer\domains\Lagmoss\wp-blog-header.php(19): require_once('C:\\OpenServer\\d...')
#6 C:\OpenServer\domains\Lagmoss\index.php(17): require('C:\\OpenServer\\d...')
#7 {main}
  thrown в C:\OpenServer\domains\Lagmoss\wp-content\themes\lagmoss\template-parts\content-page.php на строке 17

2021-03-24T11:13:11+00:00 CRITICAL Uncaught Error: Call to undefined function lagmoss_post_thumbnail() in C:\OpenServer\domains\Lagmoss\wp-content\themes\lagmoss\template-parts\content-page.php:17
Stack trace:
#0 C:\OpenServer\domains\Lagmoss\wp-includes\template.php(732): require()
#1 C:\OpenServer\domains\Lagmoss\wp-includes\template.php(676): load_template('C:\\OpenServer\\d...', false, Array)
#2 C:\OpenServer\domains\Lagmoss\wp-includes\general-template.php(204): locate_template(Array, true, false, Array)
#3 C:\OpenServer\domains\Lagmoss\wp-content\themes\lagmoss\page.php(24): get_template_part('template-parts/...', 'page')
#4 C:\OpenServer\domains\Lagmoss\wp-includes\template-loader.php(106): include('C:\\OpenServer\\d...')
#5 C:\OpenServer\domains\Lagmoss\wp-blog-header.php(19): require_once('C:\\OpenServer\\d...')
#6 C:\OpenServer\domains\Lagmoss\index.php(17): require('C:\\OpenServer\\d...')
#7 {main}
  thrown в C:\OpenServer\domains\Lagmoss\wp-content\themes\lagmoss\template-parts\content-page.php на строке 17

2021-03-24T11:13:25+00:00 CRITICAL Uncaught Error: Call to undefined function lagmoss_post_thumbnail() in C:\OpenServer\domains\Lagmoss\wp-content\themes\lagmoss\template-parts\content-page.php:17
Stack trace:
#0 C:\OpenServer\domains\Lagmoss\wp-includes\template.php(732): require()
#1 C:\OpenServer\domains\Lagmoss\wp-includes\template.php(676): load_template('C:\\OpenServer\\d...', false, Array)
#2 C:\OpenServer\domains\Lagmoss\wp-includes\general-template.php(204): locate_template(Array, true, false, Array)
#3 C:\OpenServer\domains\Lagmoss\wp-content\themes\lagmoss\page.php(24): get_template_part('template-parts/...', 'page')
#4 C:\OpenServer\domains\Lagmoss\wp-includes\template-loader.php(106): include('C:\\OpenServer\\d...')
#5 C:\OpenServer\domains\Lagmoss\wp-blog-header.php(19): require_once('C:\\OpenServer\\d...')
#6 C:\OpenServer\domains\Lagmoss\index.php(17): require('C:\\OpenServer\\d...')
#7 {main}
  thrown в C:\OpenServer\domains\Lagmoss\wp-content\themes\lagmoss\template-parts\content-page.php на строке 17

2021-03-24T11:13:32+00:00 CRITICAL Uncaught Error: Call to undefined function lagmoss_post_thumbnail() in C:\OpenServer\domains\Lagmoss\wp-content\themes\lagmoss\template-parts\content-page.php:17
Stack trace:
#0 C:\OpenServer\domains\Lagmoss\wp-includes\template.php(732): require()
#1 C:\OpenServer\domains\Lagmoss\wp-includes\template.php(676): load_template('C:\\OpenServer\\d...', false, Array)
#2 C:\OpenServer\domains\Lagmoss\wp-includes\general-template.php(204): locate_template(Array, true, false, Array)
#3 C:\OpenServer\domains\Lagmoss\wp-content\themes\lagmoss\page.php(24): get_template_part('template-parts/...', 'page')
#4 C:\OpenServer\domains\Lagmoss\wp-includes\template-loader.php(106): include('C:\\OpenServer\\d...')
#5 C:\OpenServer\domains\Lagmoss\wp-blog-header.php(19): require_once('C:\\OpenServer\\d...')
#6 C:\OpenServer\domains\Lagmoss\index.php(17): require('C:\\OpenServer\\d...')
#7 {main}
  thrown в C:\OpenServer\domains\Lagmoss\wp-content\themes\lagmoss\template-parts\content-page.php на строке 17

2021-03-24T11:13:56+00:00 CRITICAL Uncaught Error: Call to undefined function lagmoss_post_thumbnail() in C:\OpenServer\domains\Lagmoss\wp-content\themes\lagmoss\template-parts\content-page.php:17
Stack trace:
#0 C:\OpenServer\domains\Lagmoss\wp-includes\template.php(732): require()
#1 C:\OpenServer\domains\Lagmoss\wp-includes\template.php(676): load_template('C:\\OpenServer\\d...', false, Array)
#2 C:\OpenServer\domains\Lagmoss\wp-includes\general-template.php(204): locate_template(Array, true, false, Array)
#3 C:\OpenServer\domains\Lagmoss\wp-content\themes\lagmoss\page.php(24): get_template_part('template-parts/...', 'page')
#4 C:\OpenServer\domains\Lagmoss\wp-includes\template-loader.php(106): include('C:\\OpenServer\\d...')
#5 C:\OpenServer\domains\Lagmoss\wp-blog-header.php(19): require_once('C:\\OpenServer\\d...')
#6 C:\OpenServer\domains\Lagmoss\index.php(17): require('C:\\OpenServer\\d...')
#7 {main}
  thrown в C:\OpenServer\domains\Lagmoss\wp-content\themes\lagmoss\template-parts\content-page.php на строке 17

2021-03-24T11:14:02+00:00 CRITICAL Uncaught Error: Call to undefined function lagmoss_post_thumbnail() in C:\OpenServer\domains\Lagmoss\wp-content\themes\lagmoss\template-parts\content-page.php:17
Stack trace:
#0 C:\OpenServer\domains\Lagmoss\wp-includes\template.php(732): require()
#1 C:\OpenServer\domains\Lagmoss\wp-includes\template.php(676): load_template('C:\\OpenServer\\d...', false, Array)
#2 C:\OpenServer\domains\Lagmoss\wp-includes\general-template.php(204): locate_template(Array, true, false, Array)
#3 C:\OpenServer\domains\Lagmoss\wp-content\themes\lagmoss\page.php(24): get_template_part('template-parts/...', 'page')
#4 C:\OpenServer\domains\Lagmoss\wp-includes\template-loader.php(106): include('C:\\OpenServer\\d...')
#5 C:\OpenServer\domains\Lagmoss\wp-blog-header.php(19): require_once('C:\\OpenServer\\d...')
#6 C:\OpenServer\domains\Lagmoss\index.php(17): require('C:\\OpenServer\\d...')
#7 {main}
  thrown в C:\OpenServer\domains\Lagmoss\wp-content\themes\lagmoss\template-parts\content-page.php на строке 17

2021-03-24T11:19:47+00:00 CRITICAL Uncaught Error: Call to undefined function lagmoss_post_thumbnail() in C:\OpenServer\domains\Lagmoss\wp-content\themes\lagmoss\template-parts\content-page.php:17
Stack trace:
#0 C:\OpenServer\domains\Lagmoss\wp-includes\template.php(732): require()
#1 C:\OpenServer\domains\Lagmoss\wp-includes\template.php(676): load_template('C:\\OpenServer\\d...', false, Array)
#2 C:\OpenServer\domains\Lagmoss\wp-includes\general-template.php(204): locate_template(Array, true, false, Array)
#3 C:\OpenServer\domains\Lagmoss\wp-content\themes\lagmoss\page.php(24): get_template_part('template-parts/...', 'page')
#4 C:\OpenServer\domains\Lagmoss\wp-includes\template-loader.php(106): include('C:\\OpenServer\\d...')
#5 C:\OpenServer\domains\Lagmoss\wp-blog-header.php(19): require_once('C:\\OpenServer\\d...')
#6 C:\OpenServer\domains\Lagmoss\index.php(17): require('C:\\OpenServer\\d...')
#7 {main}
  thrown в C:\OpenServer\domains\Lagmoss\wp-content\themes\lagmoss\template-parts\content-page.php на строке 17

2021-03-24T11:19:50+00:00 CRITICAL Uncaught Error: Call to undefined function lagmoss_post_thumbnail() in C:\OpenServer\domains\Lagmoss\wp-content\themes\lagmoss\template-parts\content-page.php:17
Stack trace:
#0 C:\OpenServer\domains\Lagmoss\wp-includes\template.php(732): require()
#1 C:\OpenServer\domains\Lagmoss\wp-includes\template.php(676): load_template('C:\\OpenServer\\d...', false, Array)
#2 C:\OpenServer\domains\Lagmoss\wp-includes\general-template.php(204): locate_template(Array, true, false, Array)
#3 C:\OpenServer\domains\Lagmoss\wp-content\themes\lagmoss\page.php(24): get_template_part('template-parts/...', 'page')
#4 C:\OpenServer\domains\Lagmoss\wp-includes\template-loader.php(106): include('C:\\OpenServer\\d...')
#5 C:\OpenServer\domains\Lagmoss\wp-blog-header.php(19): require_once('C:\\OpenServer\\d...')
#6 C:\OpenServer\domains\Lagmoss\index.php(17): require('C:\\OpenServer\\d...')
#7 {main}
  thrown в C:\OpenServer\domains\Lagmoss\wp-content\themes\lagmoss\template-parts\content-page.php на строке 17

2021-03-24T11:20:49+00:00 CRITICAL Uncaught Error: Call to undefined function lagmoss_post_thumbnail() in C:\OpenServer\domains\Lagmoss\wp-content\themes\lagmoss\template-parts\content-page.php:17
Stack trace:
#0 C:\OpenServer\domains\Lagmoss\wp-includes\template.php(732): require()
#1 C:\OpenServer\domains\Lagmoss\wp-includes\template.php(676): load_template('C:\\OpenServer\\d...', false, Array)
#2 C:\OpenServer\domains\Lagmoss\wp-includes\general-template.php(204): locate_template(Array, true, false, Array)
#3 C:\OpenServer\domains\Lagmoss\wp-content\themes\lagmoss\page.php(24): get_template_part('template-parts/...', 'page')
#4 C:\OpenServer\domains\Lagmoss\wp-includes\template-loader.php(106): include('C:\\OpenServer\\d...')
#5 C:\OpenServer\domains\Lagmoss\wp-blog-header.php(19): require_once('C:\\OpenServer\\d...')
#6 C:\OpenServer\domains\Lagmoss\index.php(17): require('C:\\OpenServer\\d...')
#7 {main}
  thrown в C:\OpenServer\domains\Lagmoss\wp-content\themes\lagmoss\template-parts\content-page.php на строке 17

